# JRE version: OpenJDK Runtime Environment Temurin-21.0.8+9 (21.0.8+9) (build 21.0.8+9-LTS)
# Java VM: OpenJDK 64-Bit Server VM Temurin-21.0.8+9 (21.0.8+9-LTS, mixed mode, sharing, tiered, compressed oops, compressed class ptrs, parallel gc, windows-amd64)
GC Precious Log:
 CardTable entry size: 512
 CPUs: 8 total, 8 available
 Memory: 7975M
 Large Page Support: Disabled
 NUMA Support: Disabled
 Compressed Oops: Enabled (32-bit)
 Alignments: Space 512K, Generation 512K, Heap 2M
 Heap Min Capacity: 100M
 Heap Initial Capacity: 100M
 Heap Max Capacity: 2G
 Pre-touch: Disabled
 Parallel Workers: 8
Heap:
 PSYoungGen      total 20992K, used 17581K [0x00000000d5580000, 0x00000000d6b80000, 0x0000000100000000)
  eden space 19456K, 84% used [0x00000000d5580000,0x00000000d659bb38,0x00000000d6880000)
  from space 1536K, 70% used [0x00000000d6900000,0x00000000d6a0fba8,0x00000000d6a80000)
  to   space 1024K, 0% used [0x00000000d6a80000,0x00000000d6a80000,0x00000000d6b80000)
 ParOldGen       total 68608K, used 39937K [0x0000000080000000, 0x0000000084300000, 0x00000000d5580000)
  object space 68608K, 58% used [0x0000000080000000,0x0000000082700668,0x0000000084300000)
 Metaspace       used 60693K, committed 62080K, reserved 1114112K
  class space    used 6501K, committed 7104K, reserved 1048576K
GC Heap History (20 events):
Event: 25.410 GC heap before
{Heap before GC invocations=31 (full 2):
 PSYoungGen      total 21504K, used 21272K [0x00000000d5580000, 0x00000000d6f00000, 0x0000000100000000)
  eden space 19456K, 100% used [0x00000000d5580000,0x00000000d6880000,0x00000000d6880000)
  from space 2048K, 88% used [0x00000000d6d00000,0x00000000d6ec6200,0x00000000d6f00000)
  to   space 2560K, 0% used [0x00000000d6a00000,0x00000000d6a00000,0x00000000d6c80000)
 ParOldGen       total 68608K, used 38957K [0x0000000080000000, 0x0000000084300000, 0x00000000d5580000)
  object space 68608K, 56% used [0x0000000080000000,0x000000008260b680,0x0000000084300000)
 Metaspace       used 48676K, committed 50048K, reserved 1114112K
  class space    used 5287K, committed 5888K, reserved 1048576K
}
Event: 25.414 GC heap after
{Heap after GC invocations=31 (full 2):
 PSYoungGen      total 21504K, used 1728K [0x00000000d5580000, 0x00000000d6d80000, 0x0000000100000000)
  eden space 19456K, 0% used [0x00000000d5580000,0x00000000d5580000,0x00000000d6880000)
  from space 2048K, 84% used [0x00000000d6a00000,0x00000000d6bb0000,0x00000000d6c00000)
  to   space 1536K, 0% used [0x00000000d6c00000,0x00000000d6c00000,0x00000000d6d80000)
 ParOldGen       total 68608K, used 40702K [0x0000000080000000, 0x0000000084300000, 0x00000000d5580000)
  object space 68608K, 59% used [0x0000000080000000,0x00000000827bf880,0x0000000084300000)
 Metaspace       used 48676K, committed 50048K, reserved 1114112K
  class space    used 5287K, committed 5888K, reserved 1048576K
}
Event: 25.845 GC heap before
{Heap before GC invocations=32 (full 2):
 PSYoungGen      total 21504K, used 21184K [0x00000000d5580000, 0x00000000d6d80000, 0x0000000100000000)
  eden space 19456K, 100% used [0x00000000d5580000,0x00000000d6880000,0x00000000d6880000)
  from space 2048K, 84% used [0x00000000d6a00000,0x00000000d6bb0000,0x00000000d6c00000)
  to   space 1536K, 0% used [0x00000000d6c00000,0x00000000d6c00000,0x00000000d6d80000)
 ParOldGen       total 68608K, used 40702K [0x0000000080000000, 0x0000000084300000, 0x00000000d5580000)
  object space 68608K, 59% used [0x0000000080000000,0x00000000827bf880,0x0000000084300000)
 Metaspace       used 50745K, committed 52032K, reserved 1114112K
  class space    used 5518K, committed 6080K, reserved 1048576K
}
Event: 25.847 GC heap after
{Heap after GC invocations=32 (full 2):
 PSYoungGen      total 20480K, used 1012K [0x00000000d5580000, 0x00000000d6d00000, 0x0000000100000000)
  eden space 19456K, 0% used [0x00000000d5580000,0x00000000d5580000,0x00000000d6880000)
  from space 1024K, 98% used [0x00000000d6c00000,0x00000000d6cfd3d8,0x00000000d6d00000)
  to   space 1536K, 0% used [0x00000000d6a00000,0x00000000d6a00000,0x00000000d6b80000)
 ParOldGen       total 68608K, used 42263K [0x0000000080000000, 0x0000000084300000, 0x00000000d5580000)
  object space 68608K, 61% used [0x0000000080000000,0x0000000082945e60,0x0000000084300000)
 Metaspace       used 50745K, committed 52032K, reserved 1114112K
  class space    used 5518K, committed 6080K, reserved 1048576K
}
Event: 26.211 GC heap before
{Heap before GC invocations=33 (full 2):
 PSYoungGen      total 20480K, used 20415K [0x00000000d5580000, 0x00000000d6d00000, 0x0000000100000000)
  eden space 19456K, 99% used [0x00000000d5580000,0x00000000d6872968,0x00000000d6880000)
  from space 1024K, 98% used [0x00000000d6c00000,0x00000000d6cfd3d8,0x00000000d6d00000)
  to   space 1536K, 0% used [0x00000000d6a00000,0x00000000d6a00000,0x00000000d6b80000)
 ParOldGen       total 68608K, used 42263K [0x0000000080000000, 0x0000000084300000, 0x00000000d5580000)
  object space 68608K, 61% used [0x0000000080000000,0x0000000082945e60,0x0000000084300000)
 Metaspace       used 51530K, committed 52864K, reserved 1114112K
  class space    used 5623K, committed 6208K, reserved 1048576K
}
Event: 26.212 GC heap after
{Heap after GC invocations=33 (full 2):
 PSYoungGen      total 20992K, used 436K [0x00000000d5580000, 0x00000000d6c80000, 0x0000000100000000)
  eden space 19456K, 0% used [0x00000000d5580000,0x00000000d5580000,0x00000000d6880000)
  from space 1536K, 28% used [0x00000000d6a00000,0x00000000d6a6d2f8,0x00000000d6b80000)
  to   space 1024K, 0% used [0x00000000d6b80000,0x00000000d6b80000,0x00000000d6c80000)
 ParOldGen       total 68608K, used 43055K [0x0000000080000000, 0x0000000084300000, 0x00000000d5580000)
  object space 68608K, 62% used [0x0000000080000000,0x0000000082a0be68,0x0000000084300000)
 Metaspace       used 51530K, committed 52864K, reserved 1114112K
  class space    used 5623K, committed 6208K, reserved 1048576K
}
Event: 26.461 GC heap before
{Heap before GC invocations=34 (full 2):
 PSYoungGen      total 20992K, used 19892K [0x00000000d5580000, 0x00000000d6c80000, 0x0000000100000000)
  eden space 19456K, 99% used [0x00000000d5580000,0x00000000d687fea0,0x00000000d6880000)
  from space 1536K, 28% used [0x00000000d6a00000,0x00000000d6a6d2f8,0x00000000d6b80000)
  to   space 1024K, 0% used [0x00000000d6b80000,0x00000000d6b80000,0x00000000d6c80000)
 ParOldGen       total 68608K, used 43055K [0x0000000080000000, 0x0000000084300000, 0x00000000d5580000)
  object space 68608K, 62% used [0x0000000080000000,0x0000000082a0be68,0x0000000084300000)
 Metaspace       used 53273K, committed 54592K, reserved 1114112K
  class space    used 5787K, committed 6336K, reserved 1048576K
}
Event: 26.463 GC heap after
{Heap after GC invocations=34 (full 2):
 PSYoungGen      total 20480K, used 1018K [0x00000000d5580000, 0x00000000d6e80000, 0x0000000100000000)
  eden space 19456K, 0% used [0x00000000d5580000,0x00000000d5580000,0x00000000d6880000)
  from space 1024K, 99% used [0x00000000d6b80000,0x00000000d6c7eb30,0x00000000d6c80000)
  to   space 3072K, 0% used [0x00000000d6880000,0x00000000d6880000,0x00000000d6b80000)
 ParOldGen       total 68608K, used 44446K [0x0000000080000000, 0x0000000084300000, 0x00000000d5580000)
  object space 68608K, 64% used [0x0000000080000000,0x0000000082b67a00,0x0000000084300000)
 Metaspace       used 53273K, committed 54592K, reserved 1114112K
  class space    used 5787K, committed 6336K, reserved 1048576K
}
Event: 26.524 GC heap before
{Heap before GC invocations=35 (full 2):
 PSYoungGen      total 20480K, used 20474K [0x00000000d5580000, 0x00000000d6e80000, 0x0000000100000000)
  eden space 19456K, 100% used [0x00000000d5580000,0x00000000d6880000,0x00000000d6880000)
  from space 1024K, 99% used [0x00000000d6b80000,0x00000000d6c7eb30,0x00000000d6c80000)
  to   space 3072K, 0% used [0x00000000d6880000,0x00000000d6880000,0x00000000d6b80000)
 ParOldGen       total 68608K, used 44446K [0x0000000080000000, 0x0000000084300000, 0x00000000d5580000)
  object space 68608K, 64% used [0x0000000080000000,0x0000000082b67a00,0x0000000084300000)
 Metaspace       used 53401K, committed 54720K, reserved 1114112K
  class space    used 5792K, committed 6336K, reserved 1048576K
}
Event: 26.526 GC heap after
{Heap after GC invocations=35 (full 2):
 PSYoungGen      total 20992K, used 1203K [0x00000000d5580000, 0x00000000d6c80000, 0x0000000100000000)
  eden space 19456K, 0% used [0x00000000d5580000,0x00000000d5580000,0x00000000d6880000)
  from space 1536K, 78% used [0x00000000d6880000,0x00000000d69acdf8,0x00000000d6a00000)
  to   space 2048K, 0% used [0x00000000d6a80000,0x00000000d6a80000,0x00000000d6c80000)
 ParOldGen       total 68608K, used 45474K [0x0000000080000000, 0x0000000084300000, 0x00000000d5580000)
  object space 68608K, 66% used [0x0000000080000000,0x0000000082c688c8,0x0000000084300000)
 Metaspace       used 53401K, committed 54720K, reserved 1114112K
  class space    used 5792K, committed 6336K, reserved 1048576K
}
Event: 26.601 GC heap before
{Heap before GC invocations=36 (full 2):
 PSYoungGen      total 20992K, used 20659K [0x00000000d5580000, 0x00000000d6c80000, 0x0000000100000000)
  eden space 19456K, 100% used [0x00000000d5580000,0x00000000d6880000,0x00000000d6880000)
  from space 1536K, 78% used [0x00000000d6880000,0x00000000d69acdf8,0x00000000d6a00000)
  to   space 2048K, 0% used [0x00000000d6a80000,0x00000000d6a80000,0x00000000d6c80000)
 ParOldGen       total 68608K, used 45474K [0x0000000080000000, 0x0000000084300000, 0x00000000d5580000)
  object space 68608K, 66% used [0x0000000080000000,0x0000000082c688c8,0x0000000084300000)
 Metaspace       used 54334K, committed 55680K, reserved 1114112K
  class space    used 5867K, committed 6464K, reserved 1048576K
}
Event: 26.603 GC heap after
{Heap after GC invocations=36 (full 2):
 PSYoungGen      total 19968K, used 346K [0x00000000d5580000, 0x00000000d6b00000, 0x0000000100000000)
  eden space 19456K, 0% used [0x00000000d5580000,0x00000000d5580000,0x00000000d6880000)
  from space 512K, 67% used [0x00000000d6a80000,0x00000000d6ad6a50,0x00000000d6b00000)
  to   space 1024K, 0% used [0x00000000d6900000,0x00000000d6900000,0x00000000d6a00000)
 ParOldGen       total 68608K, used 45683K [0x0000000080000000, 0x0000000084300000, 0x00000000d5580000)
  object space 68608K, 66% used [0x0000000080000000,0x0000000082c9cf40,0x0000000084300000)
 Metaspace       used 54334K, committed 55680K, reserved 1114112K
  class space    used 5867K, committed 6464K, reserved 1048576K
}
Event: 27.072 GC heap before
{Heap before GC invocations=37 (full 2):
 PSYoungGen      total 19968K, used 19802K [0x00000000d5580000, 0x00000000d6b00000, 0x0000000100000000)
  eden space 19456K, 100% used [0x00000000d5580000,0x00000000d6880000,0x00000000d6880000)
  from space 512K, 67% used [0x00000000d6a80000,0x00000000d6ad6a50,0x00000000d6b00000)
  to   space 1024K, 0% used [0x00000000d6900000,0x00000000d6900000,0x00000000d6a00000)
 ParOldGen       total 68608K, used 45683K [0x0000000080000000, 0x0000000084300000, 0x00000000d5580000)
  object space 68608K, 66% used [0x0000000080000000,0x0000000082c9cf40,0x0000000084300000)
 Metaspace       used 57022K, committed 58368K, reserved 1114112K
  class space    used 6153K, committed 6720K, reserved 1048576K
}
Event: 27.075 GC heap after
{Heap after GC invocations=37 (full 2):
 PSYoungGen      total 20480K, used 999K [0x00000000d5580000, 0x00000000d6c80000, 0x0000000100000000)
  eden space 19456K, 0% used [0x00000000d5580000,0x00000000d5580000,0x00000000d6880000)
  from space 1024K, 97% used [0x00000000d6900000,0x00000000d69f9c70,0x00000000d6a00000)
  to   space 2048K, 0% used [0x00000000d6a80000,0x00000000d6a80000,0x00000000d6c80000)
 ParOldGen       total 68608K, used 46442K [0x0000000080000000, 0x0000000084300000, 0x00000000d5580000)
  object space 68608K, 67% used [0x0000000080000000,0x0000000082d5a910,0x0000000084300000)
 Metaspace       used 57022K, committed 58368K, reserved 1114112K
  class space    used 6153K, committed 6720K, reserved 1048576K
}
Event: 27.381 GC heap before
{Heap before GC invocations=38 (full 2):
 PSYoungGen      total 20480K, used 14036K [0x00000000d5580000, 0x00000000d6c80000, 0x0000000100000000)
  eden space 19456K, 67% used [0x00000000d5580000,0x00000000d623b560,0x00000000d6880000)
  from space 1024K, 97% used [0x00000000d6900000,0x00000000d69f9c70,0x00000000d6a00000)
  to   space 2048K, 0% used [0x00000000d6a80000,0x00000000d6a80000,0x00000000d6c80000)
 ParOldGen       total 68608K, used 46442K [0x0000000080000000, 0x0000000084300000, 0x00000000d5580000)
  object space 68608K, 67% used [0x0000000080000000,0x0000000082d5a910,0x0000000084300000)
 Metaspace       used 58413K, committed 59776K, reserved 1114112K
  class space    used 6283K, committed 6848K, reserved 1048576K
}
Event: 27.383 GC heap after
{Heap after GC invocations=38 (full 2):
 PSYoungGen      total 20992K, used 1350K [0x00000000d5580000, 0x00000000d6c00000, 0x0000000100000000)
  eden space 19456K, 0% used [0x00000000d5580000,0x00000000d5580000,0x00000000d6880000)
  from space 1536K, 87% used [0x00000000d6a80000,0x00000000d6bd1b30,0x00000000d6c00000)
  to   space 1536K, 0% used [0x00000000d6900000,0x00000000d6900000,0x00000000d6a80000)
 ParOldGen       total 68608K, used 47427K [0x0000000080000000, 0x0000000084300000, 0x00000000d5580000)
  object space 68608K, 69% used [0x0000000080000000,0x0000000082e50e30,0x0000000084300000)
 Metaspace       used 58413K, committed 59776K, reserved 1114112K
  class space    used 6283K, committed 6848K, reserved 1048576K
}
Event: 27.383 GC heap before
{Heap before GC invocations=39 (full 3):
 PSYoungGen      total 20992K, used 1350K [0x00000000d5580000, 0x00000000d6c00000, 0x0000000100000000)
  eden space 19456K, 0% used [0x00000000d5580000,0x00000000d5580000,0x00000000d6880000)
  from space 1536K, 87% used [0x00000000d6a80000,0x00000000d6bd1b30,0x00000000d6c00000)
  to   space 1536K, 0% used [0x00000000d6900000,0x00000000d6900000,0x00000000d6a80000)
 ParOldGen       total 68608K, used 47427K [0x0000000080000000, 0x0000000084300000, 0x00000000d5580000)
  object space 68608K, 69% used [0x0000000080000000,0x0000000082e50e30,0x0000000084300000)
 Metaspace       used 58413K, committed 59776K, reserved 1114112K
  class space    used 6283K, committed 6848K, reserved 1048576K
}
Event: 27.482 GC heap after
{Heap after GC invocations=39 (full 3):
 PSYoungGen      total 20992K, used 0K [0x00000000d5580000, 0x00000000d6c00000, 0x0000000100000000)
  eden space 19456K, 0% used [0x00000000d5580000,0x00000000d5580000,0x00000000d6880000)
  from space 1536K, 0% used [0x00000000d6a80000,0x00000000d6a80000,0x00000000d6c00000)
  to   space 1536K, 0% used [0x00000000d6900000,0x00000000d6900000,0x00000000d6a80000)
 ParOldGen       total 68608K, used 39929K [0x0000000080000000, 0x0000000084300000, 0x00000000d5580000)
  object space 68608K, 58% used [0x0000000080000000,0x00000000826fe668,0x0000000084300000)
 Metaspace       used 58341K, committed 59776K, reserved 1114112K
  class space    used 6263K, committed 6848K, reserved 1048576K
}
Event: 28.692 GC heap before
{Heap before GC invocations=40 (full 3):
 PSYoungGen      total 20992K, used 19456K [0x00000000d5580000, 0x00000000d6c00000, 0x0000000100000000)
  eden space 19456K, 100% used [0x00000000d5580000,0x00000000d6880000,0x00000000d6880000)
  from space 1536K, 0% used [0x00000000d6a80000,0x00000000d6a80000,0x00000000d6c00000)
  to   space 1536K, 0% used [0x00000000d6900000,0x00000000d6900000,0x00000000d6a80000)
 ParOldGen       total 68608K, used 39929K [0x0000000080000000, 0x0000000084300000, 0x00000000d5580000)
  object space 68608K, 58% used [0x0000000080000000,0x00000000826fe668,0x0000000084300000)
 Metaspace       used 59688K, committed 60992K, reserved 1114112K
  class space    used 6396K, committed 6976K, reserved 1048576K
}
Event: 28.693 GC heap after
{Heap after GC invocations=40 (full 3):
 PSYoungGen      total 20992K, used 1086K [0x00000000d5580000, 0x00000000d6b80000, 0x0000000100000000)
  eden space 19456K, 0% used [0x00000000d5580000,0x00000000d5580000,0x00000000d6880000)
  from space 1536K, 70% used [0x00000000d6900000,0x00000000d6a0fba8,0x00000000d6a80000)
  to   space 1024K, 0% used [0x00000000d6a80000,0x00000000d6a80000,0x00000000d6b80000)
 ParOldGen       total 68608K, used 39937K [0x0000000080000000, 0x0000000084300000, 0x00000000d5580000)
  object space 68608K, 58% used [0x0000000080000000,0x0000000082700668,0x0000000084300000)
 Metaspace       used 59688K, committed 60992K, reserved 1114112K
  class space    used 6396K, committed 6976K, reserved 1048576K
}

